;! output_format 5.3
; header 534070298
; --------------------------------------------------------
;|                                                        |
;|           NanoSim Version H-2013.03 (RHEL64)           |
;| Copyright (c) 2013 Synopsys Inc., All Rights Reserved. |
;|                                                        |
; --------------------------------------------------------
;
;Built by nsmgr   on Wed Feb 27 23:41:07 PST 2013
; Mon Jan 11 23:17:05 EST 2016
; Machine Name: vlsi5
; 
;
.vdd 2.5
.time_resolution 0.01
.current_resolution 1e-06
.voltage_resolution 0.01
; tentative simulation_time 100000
.high_threshold 1.75
.low_threshold 0.75
.nnodes 9
.nelems 12
.extra_nodes 0
.bus_notation [ - ]
.hier_separator .
.case L
; file closed at 1000.000000ns
; trailer 818272667 
