Mdi:ArrangeIcons
Mdi:ArrangeIcons
wm geometry . 900x785+121+72
Mdi:ArrangeIcons
wm geometry . 900x785+278+74
Mdi:ArrangeIcons
wm geometry . 900x785+329+74
Mdi:ArrangeIcons
wm geometry . 900x785+345+74
Mdi:ArrangeIcons
wm geometry . 900x785+360+70
Mdi:ArrangeIcons
wm geometry . 900x785+374+61
Mdi:ArrangeIcons
wm geometry . 900x785+399+47
Mdi:ArrangeIcons
wm geometry . 900x785+429+36
Mdi:ArrangeIcons
wm geometry . 900x785+440+32
Mdi:ArrangeIcons
wm geometry . 900x785+444+31
Mdi:ArrangeIcons
wm geometry . 900x785+442+31
Mdi:ArrangeIcons
wm geometry . 900x785+424+31
Mdi:ArrangeIcons
wm geometry . 900x785+384+31
Mdi:ArrangeIcons
wm geometry . 900x785+341+40
Mdi:ArrangeIcons
wm geometry . 900x785+303+56
Mdi:ArrangeIcons
wm geometry . 900x785+290+63
Mdi:ArrangeIcons
wm geometry . 900x785+285+64
Mdi:ArrangeIcons
wm geometry . 900x785+284+64
Mdi:ArrangeIcons
Mdi:ArrangeIcons
Mdi:ArrangeIcons
Mdi:ArrangeIcons
Mdi:ArrangeIcons
Mdi:ArrangeIcons
Mdi:ArrangeIcons
Mdi:ArrangeIcons
Mdi:ArrangeIcons
Mdi:ArrangeIcons
Mdi:ArrangeIcons
Mdi:ArrangeIcons
Mdi:ArrangeIcons
Mdi:ArrangeIcons
Mdi:ArrangeIcons
Mdi:ArrangeIcons
Mdi:ArrangeIcons
Mdi:ArrangeIcons
Mdi:ArrangeIcons
Mdi:ArrangeIcons
Mdi:ArrangeIcons
Mdi:ArrangeIcons
Mdi:ArrangeIcons
Mdi:ArrangeIcons
Mdi:ArrangeIcons
Mdi:ArrangeIcons
Mdi:ArrangeIcons
Mdi:ArrangeIcons
Mdi:ArrangeIcons
Mdi:ArrangeIcons
Mdi:ArrangeIcons
Mdi:ArrangeIcons
Mdi:ArrangeIcons
Mdi:ArrangeIcons
Mdi:ArrangeIcons
Mdi:ArrangeIcons
Mdi:ArrangeIcons
Mdi:ArrangeIcons
Mdi:ArrangeIcons
Mdi:ArrangeIcons
Mdi:ArrangeIcons
Mdi:ArrangeIcons
Mdi:ArrangeIcons
Mdi:ArrangeIcons
ScopeSigMgr:loadpffile /lhome/shayan/Hspice/nanosim_test/nanosim.fsdb 1 openonly
# PF:1
pf:read PF:1 in_0 in_1 internal_0 internal_1 out_0 out_1 v(in_0) v(in_1) v(internal_0) v(internal_1) v(out_0) v(out_1)
# WF:1:1 WF:1:2 WF:1:3 WF:1:4 WF:1:5 WF:1:6 WF:1:7 WF:1:8 WF:1:9 WF:1:10 WF:1:11 WF:1:12
Graph addsignal {WF:1:1 WF:1:2 WF:1:3 WF:1:4 WF:1:5 WF:1:6 WF:1:7 WF:1:8 WF:1:9 WF:1:10 WF:1:11 WF:1:12} -region {d d d d d d new new new new new new} -yview {real(y) real(y) real(y) real(y) real(y) real(y) real(y) real(y) real(y) real(y) real(y) real(y)} -xview {real(x) real(x) real(x) real(x) real(x) real(x) real(x) real(x) real(x) real(x) real(x) real(x)} -tracehi {1 1 1 1 1 1 2 2 2 2 2 2}
# Signal0 Signal1 Signal2 Signal3 Signal4 Signal5 Signal6 Signal7 Signal8 Signal9 Signal10 Signal11
wm geometry .sigmgr 472x220+1013+111
wm geometry .sigmgr 472x220+1073+106
wm geometry .sigmgr 472x220+1076+106
wm geometry .sigmgr 472x220+1077+106
wm geometry .sigmgr 472x220+1079+106
Graph:Select Graph0
Graph:DSel
Graph axisconfig AxisX(0) -rang {0.0 120n exact} -gridvis n -label t(s) -scale lin -unitscale auto
.frame1.mdi.mdi1.work.graph0 postscript -file /lhome/shayan/Hspice/nanosim_test/wave.ps -x 0 -y 0 -w 488 -h 855 -colormode color -pageanchor sw -pagex 0 -pagey 0 -pageheight 8.5i -pagewidth 11i
ScopeSigMgr:Unload 0 {{(1) nanosim.fsdb}}
Graph0 delsignal Signal0
Graph0 delsignal Signal1
Graph0 delsignal Signal2
Graph0 delsignal Signal3
Graph0 delsignal Signal4
Graph0 delsignal Signal5
Graph0 delsignal Signal6
Graph0 delsignal Signal7
Graph0 delsignal Signal8
Graph0 delsignal Signal9
Graph0 delsignal Signal10
Graph0 delsignal Signal11
wm geometry .sigmgr 472x220+1089+116
wm geometry .sigmgr 472x220+0+0
wm geometry .sigmgr 472x220+1089+116
wm geometry .sigmgr 472x220+1089+88
